# JRE version: Java(TM) SE Runtime Environment (15.0.1+9) (build 15.0.1+9-18)
# Java VM: Java HotSpot(TM) 64-Bit Server VM (15.0.1+9-18, mixed mode, sharing, tiered, compressed oops, g1 gc, windows-amd64)
GC Precious Log:
 CPUs: 12 total, 12 available
 Memory: 16317M
 Large Page Support: Disabled
 NUMA Support: Disabled
 Compressed Oops: Enabled (Zero based)
 Heap Region Size: 2M
 Heap Min Capacity: 8M
 Heap Initial Capacity: 256M
 Heap Max Capacity: 4080M
 Pre-touch: Disabled
 Parallel Workers: 10
 Concurrent Workers: 3
 Concurrent Refinement Workers: 10
 Periodic GC: Disabled
Heap:
 garbage-first heap   total 262144K, used 5001K [0x0000000701000000, 0x0000000800000000)
  region size 2048K, 3 young (6144K), 1 survivors (2048K)
 Metaspace       used 7946K, capacity 8139K, committed 8320K, reserved 1056768K
  class space    used 766K, capacity 836K, committed 896K, reserved 1048576K
GC Heap History (20 events):
Event: 451.455 GC heap before
{Heap before GC invocations=13 (full 0):
 garbage-first heap   total 262144K, used 154317K [0x0000000701000000, 0x0000000800000000)
  region size 2048K, 76 young (155648K), 2 survivors (4096K)
 Metaspace       used 7946K, capacity 8139K, committed 8320K, reserved 1056768K
  class space    used 766K, capacity 836K, committed 896K, reserved 1048576K
}
Event: 451.457 GC heap after
{Heap after GC invocations=14 (full 0):
 garbage-first heap   total 262144K, used 2769K [0x0000000701000000, 0x0000000800000000)
  region size 2048K, 2 young (4096K), 2 survivors (4096K)
 Metaspace       used 7946K, capacity 8139K, committed 8320K, reserved 1056768K
  class space    used 766K, capacity 836K, committed 896K, reserved 1048576K
}
Event: 488.514 GC heap before
{Heap before GC invocations=14 (full 0):
 garbage-first heap   total 262144K, used 154321K [0x0000000701000000, 0x0000000800000000)
  region size 2048K, 76 young (155648K), 2 survivors (4096K)
 Metaspace       used 7946K, capacity 8139K, committed 8320K, reserved 1056768K
  class space    used 766K, capacity 836K, committed 896K, reserved 1048576K
}
Event: 488.517 GC heap after
{Heap after GC invocations=15 (full 0):
 garbage-first heap   total 262144K, used 2774K [0x0000000701000000, 0x0000000800000000)
  region size 2048K, 2 young (4096K), 2 survivors (4096K)
 Metaspace       used 7946K, capacity 8139K, committed 8320K, reserved 1056768K
  class space    used 766K, capacity 836K, committed 896K, reserved 1048576K
}
Event: 525.573 GC heap before
{Heap before GC invocations=15 (full 0):
 garbage-first heap   total 262144K, used 154326K [0x0000000701000000, 0x0000000800000000)
  region size 2048K, 76 young (155648K), 2 survivors (4096K)
 Metaspace       used 7946K, capacity 8139K, committed 8320K, reserved 1056768K
  class space    used 766K, capacity 836K, committed 896K, reserved 1048576K
}
Event: 525.576 GC heap after
{Heap after GC invocations=16 (full 0):
 garbage-first heap   total 262144K, used 2996K [0x0000000701000000, 0x0000000800000000)
  region size 2048K, 1 young (2048K), 1 survivors (2048K)
 Metaspace       used 7946K, capacity 8139K, committed 8320K, reserved 1056768K
  class space    used 766K, capacity 836K, committed 896K, reserved 1048576K
}
Event: 562.951 GC heap before
{Heap before GC invocations=16 (full 0):
 garbage-first heap   total 262144K, used 156596K [0x0000000701000000, 0x0000000800000000)
  region size 2048K, 76 young (155648K), 1 survivors (2048K)
 Metaspace       used 7946K, capacity 8139K, committed 8320K, reserved 1056768K
  class space    used 766K, capacity 836K, committed 896K, reserved 1048576K
}
Event: 562.951 GC heap after
{Heap after GC invocations=17 (full 0):
 garbage-first heap   total 262144K, used 2947K [0x0000000701000000, 0x0000000800000000)
  region size 2048K, 1 young (2048K), 1 survivors (2048K)
 Metaspace       used 7946K, capacity 8139K, committed 8320K, reserved 1056768K
  class space    used 766K, capacity 836K, committed 896K, reserved 1048576K
}
Event: 600.314 GC heap before
{Heap before GC invocations=17 (full 0):
 garbage-first heap   total 262144K, used 156547K [0x0000000701000000, 0x0000000800000000)
  region size 2048K, 76 young (155648K), 1 survivors (2048K)
 Metaspace       used 7946K, capacity 8139K, committed 8320K, reserved 1056768K
  class space    used 766K, capacity 836K, committed 896K, reserved 1048576K
}
Event: 600.314 GC heap after
{Heap after GC invocations=18 (full 0):
 garbage-first heap   total 262144K, used 2953K [0x0000000701000000, 0x0000000800000000)
  region size 2048K, 1 young (2048K), 1 survivors (2048K)
 Metaspace       used 7946K, capacity 8139K, committed 8320K, reserved 1056768K
  class space    used 766K, capacity 836K, committed 896K, reserved 1048576K
}
Event: 638.063 GC heap before
{Heap before GC invocations=18 (full 0):
 garbage-first heap   total 262144K, used 156553K [0x0000000701000000, 0x0000000800000000)
  region size 2048K, 76 young (155648K), 1 survivors (2048K)
 Metaspace       used 7946K, capacity 8139K, committed 8320K, reserved 1056768K
  class space    used 766K, capacity 836K, committed 896K, reserved 1048576K
}
Event: 638.064 GC heap after
{Heap after GC invocations=19 (full 0):
 garbage-first heap   total 262144K, used 2938K [0x0000000701000000, 0x0000000800000000)
  region size 2048K, 1 young (2048K), 1 survivors (2048K)
 Metaspace       used 7946K, capacity 8139K, committed 8320K, reserved 1056768K
  class space    used 766K, capacity 836K, committed 896K, reserved 1048576K
}
Event: 675.628 GC heap before
{Heap before GC invocations=19 (full 0):
 garbage-first heap   total 262144K, used 156538K [0x0000000701000000, 0x0000000800000000)
  region size 2048K, 76 young (155648K), 1 survivors (2048K)
 Metaspace       used 7946K, capacity 8139K, committed 8320K, reserved 1056768K
  class space    used 766K, capacity 836K, committed 896K, reserved 1048576K
}
Event: 675.629 GC heap after
{Heap after GC invocations=20 (full 0):
 garbage-first heap   total 262144K, used 2951K [0x0000000701000000, 0x0000000800000000)
  region size 2048K, 1 young (2048K), 1 survivors (2048K)
 Metaspace       used 7946K, capacity 8139K, committed 8320K, reserved 1056768K
  class space    used 766K, capacity 836K, committed 896K, reserved 1048576K
}
Event: 713.248 GC heap before
{Heap before GC invocations=20 (full 0):
 garbage-first heap   total 262144K, used 156551K [0x0000000701000000, 0x0000000800000000)
  region size 2048K, 76 young (155648K), 1 survivors (2048K)
 Metaspace       used 7946K, capacity 8139K, committed 8320K, reserved 1056768K
  class space    used 766K, capacity 836K, committed 896K, reserved 1048576K
}
Event: 713.248 GC heap after
{Heap after GC invocations=21 (full 0):
 garbage-first heap   total 262144K, used 2949K [0x0000000701000000, 0x0000000800000000)
  region size 2048K, 1 young (2048K), 1 survivors (2048K)
 Metaspace       used 7946K, capacity 8139K, committed 8320K, reserved 1056768K
  class space    used 766K, capacity 836K, committed 896K, reserved 1048576K
}
Event: 750.986 GC heap before
{Heap before GC invocations=21 (full 0):
 garbage-first heap   total 262144K, used 156549K [0x0000000701000000, 0x0000000800000000)
  region size 2048K, 76 young (155648K), 1 survivors (2048K)
 Metaspace       used 7946K, capacity 8139K, committed 8320K, reserved 1056768K
  class space    used 766K, capacity 836K, committed 896K, reserved 1048576K
}
Event: 750.987 GC heap after
{Heap after GC invocations=22 (full 0):
 garbage-first heap   total 262144K, used 2953K [0x0000000701000000, 0x0000000800000000)
  region size 2048K, 1 young (2048K), 1 survivors (2048K)
 Metaspace       used 7946K, capacity 8139K, committed 8320K, reserved 1056768K
  class space    used 766K, capacity 836K, committed 896K, reserved 1048576K
}
Event: 788.741 GC heap before
{Heap before GC invocations=22 (full 0):
 garbage-first heap   total 262144K, used 156553K [0x0000000701000000, 0x0000000800000000)
  region size 2048K, 76 young (155648K), 1 survivors (2048K)
 Metaspace       used 7946K, capacity 8139K, committed 8320K, reserved 1056768K
  class space    used 766K, capacity 836K, committed 896K, reserved 1048576K
}
Event: 788.741 GC heap after
{Heap after GC invocations=23 (full 0):
 garbage-first heap   total 262144K, used 2953K [0x0000000701000000, 0x0000000800000000)
  region size 2048K, 1 young (2048K), 1 survivors (2048K)
 Metaspace       used 7946K, capacity 8139K, committed 8320K, reserved 1056768K
  class space    used 766K, capacity 836K, committed 896K, reserved 1048576K
}

